0 silly input [ 'build' ]
1 silly flags { _: [ 'run' ],
1 silly flags   'reject-cycles': false,
1 silly flags   rejectCycles: false,
1 silly flags   script: 'build',
1 silly flags   args: [] }
2 verbose rootPath /media/tranluong/F2B655F2B655B835/Agile/react-admin-start
3 info version 2.9.1
4 silly existsSync /media/tranluong/F2B655F2B655B835/Agile/react-admin-start/VERSION
5 silly initialize attempt
6 silly initialize success
7 silly execute attempt
8 silly runScriptInDir build [] data-generator
9 silly getExecOpts { cwd: '/media/tranluong/F2B655F2B655B835/Agile/react-admin-start/data-generator' }
10 error build Errored while running script in 'data-generator'
11 error execute callback with error
12 error Error: Command failed: npm run build
12 error error Command failed with exit code 2.
12 error
12 error npm ERR! Linux 4.15.0-46-generic
12 error npm ERR! argv "/usr/bin/node" "/usr/bin/npm" "run" "build"
12 error npm ERR! node v8.10.0
12 error npm ERR! npm  v3.5.2
12 error npm ERR! code ELIFECYCLE
12 error npm ERR! data-generator@2.7.1 build: `yarn run build-cjs && yarn run build-esm`
12 error npm ERR! Exit status 1
12 error npm ERR!
12 error npm ERR! Failed at the data-generator@2.7.1 build script 'yarn run build-cjs && yarn run build-esm'.
12 error npm ERR! Make sure you have the latest version of node.js and npm installed.
12 error npm ERR! If you do, this is most likely a problem with the data-generator package,
12 error npm ERR! not with npm itself.
12 error npm ERR! Tell the author that this fails on your system:
12 error npm ERR!     yarn run build-cjs && yarn run build-esm
12 error npm ERR! You can get information on how to open an issue for this project with:
12 error npm ERR!     npm bugs data-generator
12 error npm ERR! Or if that isn't available, you can get their info via:
12 error npm ERR!     npm owner ls data-generator
12 error npm ERR! There is likely additional logging output above.
12 error
12 error npm ERR! Please include the following file with any support request:
12 error npm ERR!     /media/tranluong/F2B655F2B655B835/Agile/react-admin-start/data-generator/npm-debug.log
12 error
12 error > data-generator@2.7.1 build /media/tranluong/F2B655F2B655B835/Agile/react-admin-start/data-generator
12 error > yarn run build-cjs && yarn run build-esm
12 error
12 error yarn run v1.13.0
12 error $ rimraf ./lib && tsc
12 error error TS5058: The specified path does not exist: '/media/tranluong/F2B655F2B655B835/Agile/tsconfig.json'.
12 error error TS18003: No inputs were found in config file '/media/tranluong/F2B655F2B655B835/Agile/react-admin-start/data-generator/tsconfig.json'. Specified 'include' paths were '["src"]' and 'exclude' paths were '["**/*.spec.ts","**/*.spec.tsx","**/*.spec.js"]'.
12 error info Visit https://yarnpkg.com/en/docs/cli/run for documentation about this command.
12 error
12 error     at Promise.all.then.arr (/media/tranluong/F2B655F2B655B835/Agile/react-admin-start/node_modules/execa/index.js:236:11)
12 error     at <anonymous>
